<?xml version="1.0" encoding="UTF-8"?>
<testng-results skipped="0" failed="1" ignored="0" total="2" passed="1">
  <reporter-output>
  </reporter-output>
  <suite name="Suite" duration-ms="106651" started-at="2020-07-01T02:34:06Z" finished-at="2020-07-01T02:35:53Z">
    <groups>
    </groups>
    <test name="Test" duration-ms="106651" started-at="2020-07-01T02:34:06Z" finished-at="2020-07-01T02:35:53Z">
      <class name="testvagrant.ndtv.weather.Ndtv_Weather">
        <test-method status="PASS" signature="appLaunch()[pri:0, instance:testvagrant.ndtv.weather.Ndtv_Weather@5c3bd550]" name="appLaunch" is-config="true" duration-ms="14956" started-at="2020-07-01T02:34:06Z" finished-at="2020-07-01T02:34:21Z">
          <reporter-output>
          </reporter-output>
        </test-method> <!-- appLaunch -->
        <test-method status="FAIL" signature="weather_finder()[pri:0, instance:testvagrant.ndtv.weather.Ndtv_Weather@5c3bd550]" name="weather_finder" duration-ms="90845" started-at="2020-07-01T02:34:21Z" finished-at="2020-07-01T02:35:52Z">
          <exception class="org.openqa.selenium.NoSuchElementException">
            <message>
              <![CDATA[no such element: Unable to locate element: {"method":"xpath","selector":"//*[@id="map_canvas"]/div[1]/div[6]/div/div[1]/div/div/div/span[2]"}
  (Session info: chrome=83.0.4103.116)
For documentation on this error, please visit: https://www.seleniumhq.org/exceptions/no_such_element.html
Build info: version: '3.141.59', revision: 'e82be7d358', time: '2018-11-14T08:17:03'
System info: host: 'LAPTOP-AJRJQFP7', ip: '192.168.1.102', os.name: 'Windows 10', os.arch: 'amd64', os.version: '10.0', java.version: '1.8.0_241'
Driver info: org.openqa.selenium.chrome.ChromeDriver
Capabilities {acceptInsecureCerts: false, browserName: chrome, browserVersion: 83.0.4103.116, chrome: {chromedriverVersion: 83.0.4103.39 (ccbf011cb2d2b..., userDataDir: C:\Users\GOWTHAM\AppData\Lo...}, goog:chromeOptions: {debuggerAddress: localhost:55286}, javascriptEnabled: true, networkConnectionEnabled: false, pageLoadStrategy: normal, platform: WINDOWS, platformName: WINDOWS, proxy: Proxy(), setWindowRect: true, strictFileInteractability: false, timeouts: {implicit: 0, pageLoad: 300000, script: 30000}, unhandledPromptBehavior: dismiss and notify, webauthn:virtualAuthenticators: true}
Session ID: aeb000f9806f31fa4bd444c785bdee51
*** Element info: {Using=xpath, value=//*[@id="map_canvas"]/div[1]/div[6]/div/div[1]/div/div/div/span[2]}]]>
            </message>
            <full-stacktrace>
              <![CDATA[org.openqa.selenium.NoSuchElementException: no such element: Unable to locate element: {"method":"xpath","selector":"//*[@id="map_canvas"]/div[1]/div[6]/div/div[1]/div/div/div/span[2]"}
  (Session info: chrome=83.0.4103.116)
For documentation on this error, please visit: https://www.seleniumhq.org/exceptions/no_such_element.html
Build info: version: '3.141.59', revision: 'e82be7d358', time: '2018-11-14T08:17:03'
System info: host: 'LAPTOP-AJRJQFP7', ip: '192.168.1.102', os.name: 'Windows 10', os.arch: 'amd64', os.version: '10.0', java.version: '1.8.0_241'
Driver info: org.openqa.selenium.chrome.ChromeDriver
Capabilities {acceptInsecureCerts: false, browserName: chrome, browserVersion: 83.0.4103.116, chrome: {chromedriverVersion: 83.0.4103.39 (ccbf011cb2d2b..., userDataDir: C:\Users\GOWTHAM\AppData\Lo...}, goog:chromeOptions: {debuggerAddress: localhost:55286}, javascriptEnabled: true, networkConnectionEnabled: false, pageLoadStrategy: normal, platform: WINDOWS, platformName: WINDOWS, proxy: Proxy(), setWindowRect: true, strictFileInteractability: false, timeouts: {implicit: 0, pageLoad: 300000, script: 30000}, unhandledPromptBehavior: dismiss and notify, webauthn:virtualAuthenticators: true}
Session ID: aeb000f9806f31fa4bd444c785bdee51
*** Element info: {Using=xpath, value=//*[@id="map_canvas"]/div[1]/div[6]/div/div[1]/div/div/div/span[2]}
at sun.reflect.NativeConstructorAccessorImpl.newInstance0(Native Method)
at sun.reflect.NativeConstructorAccessorImpl.newInstance(Unknown Source)
at sun.reflect.DelegatingConstructorAccessorImpl.newInstance(Unknown Source)
at java.lang.reflect.Constructor.newInstance(Unknown Source)
at org.openqa.selenium.remote.http.W3CHttpResponseCodec.createException(W3CHttpResponseCodec.java:187)
at org.openqa.selenium.remote.http.W3CHttpResponseCodec.decode(W3CHttpResponseCodec.java:122)
at org.openqa.selenium.remote.http.W3CHttpResponseCodec.decode(W3CHttpResponseCodec.java:49)
at org.openqa.selenium.remote.HttpCommandExecutor.execute(HttpCommandExecutor.java:158)
at org.openqa.selenium.remote.service.DriverCommandExecutor.execute(DriverCommandExecutor.java:83)
at org.openqa.selenium.remote.RemoteWebDriver.execute(RemoteWebDriver.java:552)
at org.openqa.selenium.remote.RemoteWebDriver.findElement(RemoteWebDriver.java:323)
at org.openqa.selenium.remote.RemoteWebDriver.findElementByXPath(RemoteWebDriver.java:428)
at org.openqa.selenium.By$ByXPath.findElement(By.java:353)
at org.openqa.selenium.remote.RemoteWebDriver.findElement(RemoteWebDriver.java:315)
at org.openqa.selenium.support.pagefactory.DefaultElementLocator.findElement(DefaultElementLocator.java:69)
at org.openqa.selenium.support.pagefactory.internal.LocatingElementHandler.invoke(LocatingElementHandler.java:38)
at com.sun.proxy.$Proxy9.getText(Unknown Source)
at utility.methods.UtilityClass.text(UtilityClass.java:153)
at testvagrant.ndtv.weather.Ndtv_Weather.weather_finder(Ndtv_Weather.java:42)
at sun.reflect.NativeMethodAccessorImpl.invoke0(Native Method)
at sun.reflect.NativeMethodAccessorImpl.invoke(Unknown Source)
at sun.reflect.DelegatingMethodAccessorImpl.invoke(Unknown Source)
at java.lang.reflect.Method.invoke(Unknown Source)
at org.testng.internal.MethodInvocationHelper.invokeMethod(MethodInvocationHelper.java:124)
at org.testng.internal.Invoker.invokeMethod(Invoker.java:583)
at org.testng.internal.Invoker.invokeTestMethod(Invoker.java:719)
at org.testng.internal.Invoker.invokeTestMethods(Invoker.java:989)
at org.testng.internal.TestMethodWorker.invokeTestMethods(TestMethodWorker.java:125)
at org.testng.internal.TestMethodWorker.run(TestMethodWorker.java:109)
at java.util.concurrent.ThreadPoolExecutor.runWorker(Unknown Source)
at java.util.concurrent.ThreadPoolExecutor$Worker.run(Unknown Source)
at java.lang.Thread.run(Unknown Source)
]]>
            </full-stacktrace>
          </exception> <!-- org.openqa.selenium.NoSuchElementException -->
          <reporter-output>
          </reporter-output>
        </test-method> <!-- weather_finder -->
        <test-method status="PASS" signature="GET_Request()[pri:0, instance:testvagrant.ndtv.weather.Ndtv_Weather@5c3bd550]" name="GET_Request" duration-ms="4590" started-at="2020-07-01T02:34:21Z" finished-at="2020-07-01T02:34:26Z">
          <reporter-output>
          </reporter-output>
        </test-method> <!-- GET_Request -->
        <test-method status="PASS" signature="quitBrowser()[pri:0, instance:testvagrant.ndtv.weather.Ndtv_Weather@5c3bd550]" name="quitBrowser" is-config="true" duration-ms="800" started-at="2020-07-01T02:35:52Z" finished-at="2020-07-01T02:35:53Z">
          <reporter-output>
          </reporter-output>
        </test-method> <!-- quitBrowser -->
      </class> <!-- testvagrant.ndtv.weather.Ndtv_Weather -->
    </test> <!-- Test -->
  </suite> <!-- Suite -->
</testng-results>
